<?xml version="1.0" encoding="UTF-8"?>
<testng-results ignored="0" total="1" passed="1" failed="0" skipped="0">
  <reporter-output>
  </reporter-output>
  <suite started-at="2025-06-01T13:47:37 IST" name="Default suite" finished-at="2025-06-01T13:47:40 IST" duration-ms="3480">
    <groups>
    </groups>
    <test started-at="2025-06-01T13:47:37 IST" name="Default test" finished-at="2025-06-01T13:47:40 IST" duration-ms="3480">
      <class name="reports.extentreports.reports">
        <test-method is-config="true" signature="config()[pri:0, instance:reports.extentreports.reports@1165b38]" started-at="2025-06-01T13:47:37 IST" name="config" finished-at="2025-06-01T13:47:37 IST" duration-ms="241" status="PASS">
          <reporter-output>
          </reporter-output>
        </test-method> <!-- config -->
        <test-method signature="demo()[pri:0, instance:reports.extentreports.reports@1165b38]" started-at="2025-06-01T13:47:37 IST" name="demo" finished-at="2025-06-01T13:47:40 IST" duration-ms="3206" status="PASS">
          <reporter-output>
          </reporter-output>
        </test-method> <!-- demo -->
      </class> <!-- reports.extentreports.reports -->
    </test> <!-- Default test -->
  </suite> <!-- Default suite -->
</testng-results>
